2024-12-20 08:26:22.924  INFO 1 - [       main] c.epam.healenium.Application     : Starting Application v3.4.6 using Java 22.0.2 with PID 1 (/healenium-backend.jar started by root in /) 
2024-12-20 08:26:23.175  INFO 1 - [       main] c.epam.healenium.Application     : No active profile set, falling back to 1 default profile: "default" 
2024-12-20 08:26:27.812  INFO 1 - [       main] .RepositoryConfigurationDelegate : Bootstrapping Spring Data JPA repositories in DEFAULT mode. 
2024-12-20 08:26:28.351  INFO 1 - [       main] .RepositoryConfigurationDelegate : Finished Spring Data repository scanning in 497 ms. Found 4 JPA repository interfaces. 
2024-12-20 08:26:31.689  INFO 1 - [       main] o.s.b.w.e.t.TomcatWebServer      : Tomcat initialized with port 7878 (http) 
2024-12-20 08:26:31.845  INFO 1 - [       main] rvletWebServerApplicationContext : Root WebApplicationContext: initialization completed in 8307 ms 
2024-12-20 08:26:32.701  INFO 1 - [       main] c.z.hikari.HikariDataSource      : HikariPool-1 - Starting... 
2024-12-20 08:26:33.397  INFO 1 - [       main] c.z.hikari.HikariDataSource      : HikariPool-1 - Start completed. 
2024-12-20 08:26:36.707  INFO 1 - [       main] o.h.j.internal.util.LogHelper    : HHH000204: Processing PersistenceUnitInfo [name: default] 
2024-12-20 08:26:37.028  INFO 1 - [       main] org.hibernate.Version            : HHH000412: Hibernate ORM core version 6.5.3.Final 
2024-12-20 08:26:37.137  INFO 1 - [       main] o.h.c.i.RegionFactoryInitiator   : HHH000026: Second-level cache disabled 
2024-12-20 08:26:38.248  INFO 1 - [       main] .o.j.p.SpringPersistenceUnitInfo : No LoadTimeWeaver setup: ignoring JPA class transformer 
2024-12-20 08:26:38.289  WARN 1 - [       main] org.hibernate.orm.deprecation    : HHH90000021: Encountered deprecated setting [hibernate.temp.use_jdbc_metadata_defaults], use [hibernate.boot.allow_jdbc_metadata_access] instead 
2024-12-20 08:26:38.343  WARN 1 - [       main] org.hibernate.orm.deprecation    : HHH90000025: PostgreSQLDialect does not need to be specified explicitly using 'hibernate.dialect' (remove the property setting and it will be selected by default) 
2024-12-20 08:31:52.364  INFO 1 - [       main] c.epam.healenium.Application     : Starting Application v3.4.6 using Java 22.0.2 with PID 1 (/healenium-backend.jar started by root in /) 
2024-12-20 08:31:52.487  INFO 1 - [       main] c.epam.healenium.Application     : No active profile set, falling back to 1 default profile: "default" 
2024-12-20 08:31:55.547  INFO 1 - [       main] .RepositoryConfigurationDelegate : Bootstrapping Spring Data JPA repositories in DEFAULT mode. 
2024-12-20 08:31:55.971  INFO 1 - [       main] .RepositoryConfigurationDelegate : Finished Spring Data repository scanning in 404 ms. Found 4 JPA repository interfaces. 
2024-12-20 08:31:58.657  INFO 1 - [       main] o.s.b.w.e.t.TomcatWebServer      : Tomcat initialized with port 7878 (http) 
2024-12-20 08:31:58.732  INFO 1 - [       main] o.a.c.core.StandardService       : Starting service [Tomcat] 
2024-12-20 08:31:58.733  INFO 1 - [       main] o.a.c.core.StandardEngine        : Starting Servlet engine: [Apache Tomcat/10.1.30] 
2024-12-20 08:31:58.860  INFO 1 - [       main] o.a.c.c.C.[.[localhost].[/]      : Initializing Spring embedded WebApplicationContext 
2024-12-20 08:31:58.863  INFO 1 - [       main] rvletWebServerApplicationContext : Root WebApplicationContext: initialization completed in 6268 ms 
2024-12-20 08:31:59.868  INFO 1 - [       main] c.z.hikari.HikariDataSource      : HikariPool-1 - Starting... 
2024-12-20 08:32:00.416  INFO 1 - [       main] c.z.hikari.HikariDataSource      : HikariPool-1 - Start completed. 
2024-12-20 08:32:00.763  INFO 1 - [       main] liquibase.database               : Set default schema name to healenium 
2024-12-20 08:32:03.192  INFO 1 - [       main] liquibase.changelog              : Reading from healenium.databasechangelog 
2024-12-20 08:32:03.426  INFO 1 - [       main] liquibase.ui                     : Database is up to date, no changesets to execute 
2024-12-20 08:32:03.436  INFO 1 - [       main] liquibase.changelog              : Reading from healenium.databasechangelog 
2024-12-20 08:32:03.478  INFO 1 - [       main] liquibase.util                   : UPDATE SUMMARY 
2024-12-20 08:32:03.482  INFO 1 - [       main] liquibase.util                   : Run:                          0 
2024-12-20 08:32:03.488  INFO 1 - [       main] liquibase.util                   : Previously run:              10 
2024-12-20 08:32:03.489  INFO 1 - [       main] liquibase.util                   : Filtered out:                 0 
2024-12-20 08:32:03.490  INFO 1 - [       main] liquibase.util                   : ------------------------------- 
2024-12-20 08:32:03.494  INFO 1 - [       main] liquibase.util                   : Total change sets:           10 
2024-12-20 08:32:03.496  INFO 1 - [       main] liquibase.util                   : Update summary generated 
2024-12-20 08:32:03.607  INFO 1 - [       main] liquibase.lockservice            : Successfully released change log lock 
2024-12-20 08:32:03.611  INFO 1 - [       main] liquibase.command                : Command execution complete 
2024-12-20 08:32:04.017  INFO 1 - [       main] o.h.j.internal.util.LogHelper    : HHH000204: Processing PersistenceUnitInfo [name: default] 
2024-12-20 08:32:04.278  INFO 1 - [       main] org.hibernate.Version            : HHH000412: Hibernate ORM core version 6.5.3.Final 
2024-12-20 08:32:04.431  INFO 1 - [       main] o.h.c.i.RegionFactoryInitiator   : HHH000026: Second-level cache disabled 
2024-12-20 08:32:06.436  INFO 1 - [       main] .o.j.p.SpringPersistenceUnitInfo : No LoadTimeWeaver setup: ignoring JPA class transformer 
2024-12-20 08:32:06.599  WARN 1 - [       main] org.hibernate.orm.deprecation    : HHH90000021: Encountered deprecated setting [hibernate.temp.use_jdbc_metadata_defaults], use [hibernate.boot.allow_jdbc_metadata_access] instead 
2024-12-20 08:32:06.692  WARN 1 - [       main] org.hibernate.orm.deprecation    : HHH90000025: PostgreSQLDialect does not need to be specified explicitly using 'hibernate.dialect' (remove the property setting and it will be selected by default) 
2024-12-20 08:32:11.032  WARN 1 - [       main] o.h.m.internal.MetadataContext   : HHH015011: Unable to locate static metamodel field : com.epam.healenium.model.domain.Selector_#nodePathWrapper; this may or may not indicate a problem with the static metamodel 
2024-12-20 08:32:11.045  INFO 1 - [       main] h.e.t.j.p.i.JtaPlatformInitiator : HHH000489: No JTA platform available (set 'hibernate.transaction.jta.platform' to enable JTA platform integration) 
2024-12-20 08:32:11.056  INFO 1 - [       main] ontainerEntityManagerFactoryBean : Initialized JPA EntityManagerFactory for persistence unit 'default' 
2024-12-20 08:32:12.493  INFO 1 - [       main] o.s.d.j.r.q.QueryEnhancerFactory : Hibernate is in classpath; If applicable, HQL parser will be used. 
2024-12-20 08:32:15.225  INFO 1 - [       main] .a.w.s.WelcomePageHandlerMapping : Adding welcome page template: index 
2024-12-20 08:32:18.648  INFO 1 - [       main] .s.b.a.e.w.EndpointLinksResolver : Exposing 1 endpoint beneath base path '/actuator' 
2024-12-20 08:32:19.120  INFO 1 - [       main] o.s.b.w.e.t.TomcatWebServer      : Tomcat started on port 7878 (http) with context path '/' 
2024-12-20 08:32:19.738  INFO 1 - [       main] c.epam.healenium.Application     : Started Application in 28.657 seconds (process running for 30.191) 
2024-12-20 08:32:23.692  INFO 1 - [7878-exec-1] o.a.c.c.C.[.[localhost].[/]      : Initializing Spring DispatcherServlet 'dispatcherServlet' 
2024-12-20 08:32:23.694  INFO 1 - [7878-exec-1] o.s.w.s.DispatcherServlet        : Initializing Servlet 'dispatcherServlet' 
2024-12-20 08:32:23.699  INFO 1 - [7878-exec-1] o.s.w.s.DispatcherServlet        : Completed initialization in 3 ms 
2024-12-20 08:36:59.305  INFO 1 - [hutdownHook] ontainerEntityManagerFactoryBean : Closing JPA EntityManagerFactory for persistence unit 'default' 
2024-12-20 08:36:59.310  INFO 1 - [hutdownHook] c.z.hikari.HikariDataSource      : HikariPool-1 - Shutdown initiated... 
2024-12-20 08:36:59.315  INFO 1 - [hutdownHook] c.z.hikari.HikariDataSource      : HikariPool-1 - Shutdown completed. 
2024-12-20 08:37:43.663  INFO 1 - [       main] c.epam.healenium.Application     : Starting Application v3.4.6 using Java 22.0.2 with PID 1 (/healenium-backend.jar started by root in /) 
2024-12-20 08:37:43.801  INFO 1 - [       main] c.epam.healenium.Application     : No active profile set, falling back to 1 default profile: "default" 
2024-12-20 08:37:47.616  INFO 1 - [       main] .RepositoryConfigurationDelegate : Bootstrapping Spring Data JPA repositories in DEFAULT mode. 
2024-12-20 08:37:48.041  INFO 1 - [       main] .RepositoryConfigurationDelegate : Finished Spring Data repository scanning in 401 ms. Found 4 JPA repository interfaces. 
2024-12-20 08:37:50.579  INFO 1 - [       main] o.s.b.w.e.t.TomcatWebServer      : Tomcat initialized with port 7878 (http) 
2024-12-20 08:37:50.647  INFO 1 - [       main] o.a.c.core.StandardService       : Starting service [Tomcat] 
2024-12-20 08:37:50.648  INFO 1 - [       main] o.a.c.core.StandardEngine        : Starting Servlet engine: [Apache Tomcat/10.1.30] 
2024-12-20 08:37:50.812  INFO 1 - [       main] o.a.c.c.C.[.[localhost].[/]      : Initializing Spring embedded WebApplicationContext 
2024-12-20 08:37:50.821  INFO 1 - [       main] rvletWebServerApplicationContext : Root WebApplicationContext: initialization completed in 6779 ms 
2024-12-20 08:37:51.700  INFO 1 - [       main] c.z.hikari.HikariDataSource      : HikariPool-1 - Starting... 
2024-12-20 08:37:52.400  INFO 1 - [       main] c.z.hikari.HikariDataSource      : HikariPool-1 - Start completed. 
2024-12-20 08:37:52.795  INFO 1 - [       main] liquibase.database               : Set default schema name to healenium 
2024-12-20 08:37:54.240  INFO 1 - [       main] liquibase.changelog              : Reading from healenium.databasechangelog 
2024-12-20 08:37:54.356  INFO 1 - [       main] liquibase.ui                     : Database is up to date, no changesets to execute 
2024-12-20 08:37:54.361  INFO 1 - [       main] liquibase.changelog              : Reading from healenium.databasechangelog 
2024-12-20 08:37:54.385  INFO 1 - [       main] liquibase.util                   : UPDATE SUMMARY 
2024-12-20 08:37:54.387  INFO 1 - [       main] liquibase.util                   : Run:                          0 
2024-12-20 08:37:54.388  INFO 1 - [       main] liquibase.util                   : Previously run:              10 
2024-12-20 08:37:54.389  INFO 1 - [       main] liquibase.util                   : Filtered out:                 0 
2024-12-20 08:37:54.390  INFO 1 - [       main] liquibase.util                   : ------------------------------- 
2024-12-20 08:37:54.392  INFO 1 - [       main] liquibase.util                   : Total change sets:           10 
2024-12-20 08:37:54.394  INFO 1 - [       main] liquibase.util                   : Update summary generated 
2024-12-20 08:37:54.451  INFO 1 - [       main] liquibase.lockservice            : Successfully released change log lock 
2024-12-20 08:37:54.455  INFO 1 - [       main] liquibase.command                : Command execution complete 
2024-12-20 08:37:54.809  INFO 1 - [       main] o.h.j.internal.util.LogHelper    : HHH000204: Processing PersistenceUnitInfo [name: default] 
2024-12-20 08:37:54.957  INFO 1 - [       main] org.hibernate.Version            : HHH000412: Hibernate ORM core version 6.5.3.Final 
2024-12-20 08:37:55.064  INFO 1 - [       main] o.h.c.i.RegionFactoryInitiator   : HHH000026: Second-level cache disabled 
2024-12-20 08:37:56.318  INFO 1 - [       main] .o.j.p.SpringPersistenceUnitInfo : No LoadTimeWeaver setup: ignoring JPA class transformer 
2024-12-20 08:37:56.397  WARN 1 - [       main] org.hibernate.orm.deprecation    : HHH90000021: Encountered deprecated setting [hibernate.temp.use_jdbc_metadata_defaults], use [hibernate.boot.allow_jdbc_metadata_access] instead 
2024-12-20 08:37:56.446  WARN 1 - [       main] org.hibernate.orm.deprecation    : HHH90000025: PostgreSQLDialect does not need to be specified explicitly using 'hibernate.dialect' (remove the property setting and it will be selected by default) 
2024-12-20 08:37:59.613  WARN 1 - [       main] o.h.m.internal.MetadataContext   : HHH015011: Unable to locate static metamodel field : com.epam.healenium.model.domain.Selector_#nodePathWrapper; this may or may not indicate a problem with the static metamodel 
2024-12-20 08:37:59.625  INFO 1 - [       main] h.e.t.j.p.i.JtaPlatformInitiator : HHH000489: No JTA platform available (set 'hibernate.transaction.jta.platform' to enable JTA platform integration) 
2024-12-20 08:37:59.633  INFO 1 - [       main] ontainerEntityManagerFactoryBean : Initialized JPA EntityManagerFactory for persistence unit 'default' 
2024-12-20 08:38:00.984  INFO 1 - [       main] o.s.d.j.r.q.QueryEnhancerFactory : Hibernate is in classpath; If applicable, HQL parser will be used. 
2024-12-20 08:38:02.857  INFO 1 - [       main] .a.w.s.WelcomePageHandlerMapping : Adding welcome page template: index 
2024-12-20 08:38:04.931  INFO 1 - [       main] .s.b.a.e.w.EndpointLinksResolver : Exposing 1 endpoint beneath base path '/actuator' 
2024-12-20 08:38:05.252  INFO 1 - [       main] o.s.b.w.e.t.TomcatWebServer      : Tomcat started on port 7878 (http) with context path '/' 
2024-12-20 08:38:05.471  INFO 1 - [       main] c.epam.healenium.Application     : Started Application in 23.256 seconds (process running for 24.832) 
2024-12-20 08:39:13.078  INFO 1 - [7878-exec-1] o.a.c.c.C.[.[localhost].[/]      : Initializing Spring DispatcherServlet 'dispatcherServlet' 
2024-12-20 08:39:13.087  INFO 1 - [7878-exec-1] o.s.w.s.DispatcherServlet        : Initializing Servlet 'dispatcherServlet' 
2024-12-20 08:39:13.093  INFO 1 - [7878-exec-1] o.s.w.s.DispatcherServlet        : Completed initialization in 2 ms 
2024-12-20 08:39:23.815  INFO 1 - [7878-exec-3] healenium                        : [Save Elements] Request: By.xpath(//input[contains(@name,'loginfmt')]) 
2024-12-20 08:39:24.318  INFO 1 - [7878-exec-4] healenium                        : [Save Elements] Request: By.xpath(//input[contains(@name,'loginfmt')]) 
2024-12-20 08:39:24.849  INFO 1 - [7878-exec-5] healenium                        : [Save Elements] Request: By.xpath(//input[contains(@name,'loginfmt')]) 
2024-12-20 08:39:25.389  INFO 1 - [7878-exec-6] healenium                        : [Save Elements] Request: By.xpath(//input[contains(@name,'loginfmt')]) 
2024-12-20 08:39:25.588  INFO 1 - [7878-exec-7] healenium                        : [Save Elements] Request: By.xpath(//input[contains(@name,'loginfmt')]) 
2024-12-20 08:39:25.880  INFO 1 - [7878-exec-8] healenium                        : [Save Elements] Request: By.xpath(//input[@type='submit']) 
2024-12-20 08:39:26.028  INFO 1 - [7878-exec-9] healenium                        : [Save Elements] Request: By.xpath(//input[@type='submit']) 
2024-12-20 08:39:26.194  INFO 1 - [878-exec-10] healenium                        : [Save Elements] Request: By.xpath(//input[@type='submit']) 
2024-12-20 08:39:26.744  INFO 1 - [7878-exec-1] healenium                        : [Save Elements] Request: By.xpath(//input[@name='passwd']) 
2024-12-20 08:39:27.443  INFO 1 - [7878-exec-2] healenium                        : [Save Elements] Request: By.xpath(//input[@name='passwd']) 
2024-12-20 08:39:28.071  INFO 1 - [7878-exec-3] healenium                        : [Save Elements] Request: By.xpath(//input[@name='passwd']) 
2024-12-20 08:39:28.233  INFO 1 - [7878-exec-4] healenium                        : [Save Elements] Request: By.xpath(//input[@name='passwd']) 
2024-12-20 08:39:28.437  INFO 1 - [7878-exec-5] healenium                        : [Save Elements] Request: By.xpath(//input[@name='passwd']) 
2024-12-20 08:39:28.826  INFO 1 - [7878-exec-6] healenium                        : [Save Elements] Request: By.xpath(//input[@name='passwd']) 
2024-12-20 08:39:28.953  INFO 1 - [7878-exec-7] healenium                        : [Save Elements] Request: By.xpath(//input[@name='passwd']) 
2024-12-20 08:39:29.158  INFO 1 - [7878-exec-8] healenium                        : [Save Elements] Request: By.xpath(//input[@type='submit']) 
2024-12-20 08:39:29.262  INFO 1 - [7878-exec-9] healenium                        : [Save Elements] Request: By.xpath(//input[@type='submit']) 
2024-12-20 08:39:29.352  INFO 1 - [878-exec-10] healenium                        : [Save Elements] Request: By.xpath(//input[@type='submit']) 
2024-12-20 08:39:33.703  INFO 1 - [7878-exec-1] healenium                        : [Save Elements] Request: By.xpath(//input[contains(@type,'submit')]) 
2024-12-20 08:39:33.794  INFO 1 - [7878-exec-2] healenium                        : [Save Elements] Request: By.xpath(//input[contains(@type,'submit')]) 
2024-12-20 08:39:33.873  INFO 1 - [7878-exec-3] healenium                        : [Save Elements] Request: By.xpath(//input[contains(@type,'submit')]) 
2024-12-20 08:41:19.861  INFO 1 - [7878-exec-8] healenium                        : [Save Elements] Request: By.xpath(//input[contains(@name,'loginfmt')]) 
2024-12-20 08:41:20.017  INFO 1 - [7878-exec-9] healenium                        : [Save Elements] Request: By.xpath(//input[contains(@name,'loginfmt')]) 
2024-12-20 08:41:20.139  INFO 1 - [878-exec-10] healenium                        : [Save Elements] Request: By.xpath(//input[contains(@name,'loginfmt')]) 
2024-12-20 08:41:20.402  INFO 1 - [7878-exec-1] healenium                        : [Save Elements] Request: By.xpath(//input[contains(@name,'loginfmt')]) 
2024-12-20 08:41:20.751  INFO 1 - [7878-exec-2] healenium                        : [Save Elements] Request: By.xpath(//input[contains(@name,'loginfmt')]) 
2024-12-20 08:41:21.002  INFO 1 - [7878-exec-3] healenium                        : [Save Elements] Request: By.xpath(//input[@type='submit']) 
2024-12-20 08:41:21.097  INFO 1 - [7878-exec-4] healenium                        : [Save Elements] Request: By.xpath(//input[@type='submit']) 
2024-12-20 08:41:21.187  INFO 1 - [7878-exec-5] healenium                        : [Save Elements] Request: By.xpath(//input[@type='submit']) 
2024-12-20 08:41:21.458  INFO 1 - [7878-exec-6] healenium                        : [Save Elements] Request: By.xpath(//input[@name='passwd']) 
2024-12-20 08:41:22.477  INFO 1 - [7878-exec-7] healenium                        : [Save Elements] Request: By.xpath(//input[@name='passwd']) 
2024-12-20 08:41:22.661  INFO 1 - [7878-exec-8] healenium                        : [Save Elements] Request: By.xpath(//input[@name='passwd']) 
2024-12-20 08:41:22.985  INFO 1 - [7878-exec-9] healenium                        : [Save Elements] Request: By.xpath(//input[@type='submit']) 
2024-12-20 08:41:23.101  INFO 1 - [878-exec-10] healenium                        : [Save Elements] Request: By.xpath(//input[@type='submit']) 
2024-12-20 08:41:23.222  INFO 1 - [7878-exec-1] healenium                        : [Save Elements] Request: By.xpath(//input[@type='submit']) 
2024-12-20 08:41:27.123  INFO 1 - [7878-exec-2] healenium                        : [Save Elements] Request: By.xpath(//input[contains(@type,'submit')]) 
2024-12-20 08:41:27.654  INFO 1 - [7878-exec-3] healenium                        : [Save Elements] Request: By.xpath(//input[contains(@type,'submit')]) 
2024-12-20 08:41:27.895  INFO 1 - [7878-exec-4] healenium                        : [Save Elements] Request: By.xpath(//input[contains(@type,'submit')]) 
2024-12-20 08:42:28.655  INFO 1 - [7878-exec-9] healenium                        : [Save Elements] Request: By.xpath(//input[contains(@name,'loginfmt')]) 
2024-12-20 08:42:29.304  INFO 1 - [878-exec-10] healenium                        : [Save Elements] Request: By.xpath(//input[contains(@name,'loginfmt')]) 
2024-12-20 08:42:29.930  INFO 1 - [7878-exec-1] healenium                        : [Save Elements] Request: By.xpath(//input[contains(@name,'loginfmt')]) 
2024-12-20 08:42:30.549  INFO 1 - [7878-exec-2] healenium                        : [Save Elements] Request: By.xpath(//input[contains(@name,'loginfmt')]) 
2024-12-20 08:42:31.191  INFO 1 - [7878-exec-3] healenium                        : [Save Elements] Request: By.xpath(//input[contains(@name,'loginfmt')]) 
2024-12-20 08:42:31.818  INFO 1 - [7878-exec-4] healenium                        : [Save Elements] Request: By.xpath(//input[contains(@name,'loginfmt')]) 
2024-12-20 08:42:32.403  INFO 1 - [7878-exec-5] healenium                        : [Save Elements] Request: By.xpath(//input[contains(@name,'loginfmt')]) 
2024-12-20 08:42:33.005  INFO 1 - [7878-exec-6] healenium                        : [Save Elements] Request: By.xpath(//input[contains(@name,'loginfmt')]) 
2024-12-20 08:42:33.594  INFO 1 - [7878-exec-7] healenium                        : [Save Elements] Request: By.xpath(//input[contains(@name,'loginfmt')]) 
2024-12-20 08:42:34.195  INFO 1 - [7878-exec-8] healenium                        : [Save Elements] Request: By.xpath(//input[contains(@name,'loginfmt')]) 
2024-12-20 08:42:34.780  INFO 1 - [7878-exec-9] healenium                        : [Save Elements] Request: By.xpath(//input[contains(@name,'loginfmt')]) 
2024-12-20 08:42:35.372  INFO 1 - [878-exec-10] healenium                        : [Save Elements] Request: By.xpath(//input[contains(@name,'loginfmt')]) 
2024-12-20 08:42:35.983  INFO 1 - [7878-exec-1] healenium                        : [Save Elements] Request: By.xpath(//input[contains(@name,'loginfmt')]) 
2024-12-20 08:42:36.080  INFO 1 - [7878-exec-2] healenium                        : [Save Elements] Request: By.xpath(//input[contains(@name,'loginfmt')]) 
2024-12-20 08:42:36.150  INFO 1 - [7878-exec-3] healenium                        : [Save Elements] Request: By.xpath(//input[contains(@name,'loginfmt')]) 
2024-12-20 08:42:36.307  INFO 1 - [7878-exec-4] healenium                        : [Save Elements] Request: By.xpath(//input[contains(@name,'loginfmt')]) 
2024-12-20 08:42:36.511  INFO 1 - [7878-exec-5] healenium                        : [Save Elements] Request: By.xpath(//input[@type='submit']) 
2024-12-20 08:42:37.111  INFO 1 - [7878-exec-6] healenium                        : [Save Elements] Request: By.xpath(//input[@type='submit']) 
2024-12-20 08:42:37.711  INFO 1 - [7878-exec-7] healenium                        : [Save Elements] Request: By.xpath(//input[@type='submit']) 
2024-12-20 08:42:38.305  INFO 1 - [7878-exec-8] healenium                        : [Save Elements] Request: By.xpath(//input[@type='submit']) 
2024-12-20 08:42:38.900  INFO 1 - [7878-exec-9] healenium                        : [Save Elements] Request: By.xpath(//input[@type='submit']) 
2024-12-20 08:42:39.517  INFO 1 - [878-exec-10] healenium                        : [Save Elements] Request: By.xpath(//input[@type='submit']) 
2024-12-20 08:42:39.607  INFO 1 - [7878-exec-1] healenium                        : [Save Elements] Request: By.xpath(//input[@type='submit']) 
2024-12-20 08:42:39.675  INFO 1 - [7878-exec-2] healenium                        : [Save Elements] Request: By.xpath(//input[@type='submit']) 
2024-12-20 08:42:39.849  INFO 1 - [7878-exec-3] healenium                        : [Save Elements] Request: By.xpath(//input[@name='passwd']) 
2024-12-20 08:42:40.461  INFO 1 - [7878-exec-4] healenium                        : [Save Elements] Request: By.xpath(//input[@name='passwd']) 
2024-12-20 08:42:41.057  INFO 1 - [7878-exec-5] healenium                        : [Save Elements] Request: By.xpath(//input[@name='passwd']) 
2024-12-20 08:42:41.138  INFO 1 - [7878-exec-6] healenium                        : [Save Elements] Request: By.xpath(//input[@name='passwd']) 
2024-12-20 08:42:41.205  INFO 1 - [7878-exec-7] healenium                        : [Save Elements] Request: By.xpath(//input[@name='passwd']) 
2024-12-20 08:42:41.380  INFO 1 - [7878-exec-8] healenium                        : [Save Elements] Request: By.xpath(//input[@name='passwd']) 
2024-12-20 08:42:41.513  INFO 1 - [7878-exec-9] healenium                        : [Save Elements] Request: By.xpath(//input[@name='passwd']) 
2024-12-20 08:42:41.812  INFO 1 - [878-exec-10] healenium                        : [Save Elements] Request: By.xpath(//input[@type='submit']) 
2024-12-20 08:42:41.942  INFO 1 - [7878-exec-1] healenium                        : [Save Elements] Request: By.xpath(//input[@type='submit']) 
2024-12-20 08:42:42.023  INFO 1 - [7878-exec-2] healenium                        : [Save Elements] Request: By.xpath(//input[@type='submit']) 
2024-12-20 08:42:45.749  INFO 1 - [7878-exec-3] healenium                        : [Save Elements] Request: By.xpath(//input[contains(@type,'submit')]) 
2024-12-20 08:42:45.855  INFO 1 - [7878-exec-4] healenium                        : [Save Elements] Request: By.xpath(//input[contains(@type,'submit')]) 
2024-12-20 08:42:45.954  INFO 1 - [7878-exec-5] healenium                        : [Save Elements] Request: By.xpath(//input[contains(@type,'submit')]) 
2024-12-20 09:10:30.844  INFO 1 - [7878-exec-3] healenium                        : [Save Elements] Request: By.xpath(//input[contains(@name,'loginfmt')]) 
2024-12-20 09:10:31.437  INFO 1 - [7878-exec-4] healenium                        : [Save Elements] Request: By.xpath(//input[contains(@name,'loginfmt')]) 
2024-12-20 09:10:31.495  INFO 1 - [7878-exec-5] healenium                        : [Save Elements] Request: By.xpath(//input[contains(@name,'loginfmt')]) 
2024-12-20 09:10:31.550  INFO 1 - [7878-exec-6] healenium                        : [Save Elements] Request: By.xpath(//input[contains(@name,'loginfmt')]) 
2024-12-20 09:10:31.684  INFO 1 - [7878-exec-7] healenium                        : [Save Elements] Request: By.xpath(//input[contains(@name,'loginfmt')]) 
2024-12-20 09:10:31.763  INFO 1 - [7878-exec-8] healenium                        : [Save Elements] Request: By.xpath(//input[contains(@name,'loginfmt')]) 
2024-12-20 09:10:31.876  INFO 1 - [7878-exec-9] healenium                        : [Save Elements] Request: By.xpath(//input[@type='submit']) 
2024-12-20 09:10:31.928  INFO 1 - [878-exec-10] healenium                        : [Save Elements] Request: By.xpath(//input[@type='submit']) 
2024-12-20 09:10:31.981  INFO 1 - [7878-exec-1] healenium                        : [Save Elements] Request: By.xpath(//input[@type='submit']) 
2024-12-20 09:10:32.107  INFO 1 - [7878-exec-2] healenium                        : [Save Elements] Request: By.xpath(//input[@name='passwd']) 
2024-12-20 09:10:32.678  INFO 1 - [7878-exec-3] healenium                        : [Save Elements] Request: By.xpath(//input[@name='passwd']) 
2024-12-20 09:10:33.255  INFO 1 - [7878-exec-4] healenium                        : [Save Elements] Request: By.xpath(//input[@name='passwd']) 
2024-12-20 09:10:33.320  INFO 1 - [7878-exec-5] healenium                        : [Save Elements] Request: By.xpath(//input[@name='passwd']) 
2024-12-20 09:10:33.377  INFO 1 - [7878-exec-6] healenium                        : [Save Elements] Request: By.xpath(//input[@name='passwd']) 
2024-12-20 09:10:33.524  INFO 1 - [7878-exec-7] healenium                        : [Save Elements] Request: By.xpath(//input[@name='passwd']) 
2024-12-20 09:10:33.609  INFO 1 - [7878-exec-8] healenium                        : [Save Elements] Request: By.xpath(//input[@name='passwd']) 
2024-12-20 09:10:33.703  INFO 1 - [7878-exec-9] healenium                        : [Save Elements] Request: By.xpath(//input[@type='submit']) 
2024-12-20 09:10:33.762  INFO 1 - [878-exec-10] healenium                        : [Save Elements] Request: By.xpath(//input[@type='submit']) 
2024-12-20 09:10:33.814  INFO 1 - [7878-exec-1] healenium                        : [Save Elements] Request: By.xpath(//input[@type='submit']) 
2024-12-20 09:10:37.403  INFO 1 - [7878-exec-2] healenium                        : [Save Elements] Request: By.xpath(//input[contains(@type,'submit')]) 
2024-12-20 09:10:37.468  INFO 1 - [7878-exec-3] healenium                        : [Save Elements] Request: By.xpath(//input[contains(@type,'submit')]) 
2024-12-20 09:10:37.583  INFO 1 - [7878-exec-4] healenium                        : [Save Elements] Request: By.xpath(//input[contains(@type,'submit')]) 
2024-12-20 09:35:49.901  INFO 1 - [7878-exec-9] healenium                        : [Save Elements] Request: By.xpath(//input[contains(@name,'loginfmt')]) 
2024-12-20 09:35:50.486  INFO 1 - [878-exec-10] healenium                        : [Save Elements] Request: By.xpath(//input[contains(@name,'loginfmt')]) 
2024-12-20 09:35:50.625  INFO 1 - [7878-exec-1] healenium                        : [Save Elements] Request: By.xpath(//input[contains(@name,'loginfmt')]) 
2024-12-20 09:35:50.696  INFO 1 - [7878-exec-2] healenium                        : [Save Elements] Request: By.xpath(//input[contains(@name,'loginfmt')]) 
2024-12-20 09:35:50.870  INFO 1 - [7878-exec-3] healenium                        : [Save Elements] Request: By.xpath(//input[contains(@name,'loginfmt')]) 
2024-12-20 09:35:50.969  INFO 1 - [7878-exec-4] healenium                        : [Save Elements] Request: By.xpath(//input[contains(@name,'loginfmt')]) 
2024-12-20 09:35:51.124  INFO 1 - [7878-exec-5] healenium                        : [Save Elements] Request: By.xpath(//input[@type='submit']) 
2024-12-20 09:35:51.182  INFO 1 - [7878-exec-6] healenium                        : [Save Elements] Request: By.xpath(//input[@type='submit']) 
2024-12-20 09:35:51.239  INFO 1 - [7878-exec-7] healenium                        : [Save Elements] Request: By.xpath(//input[@type='submit']) 
2024-12-20 09:35:51.391  INFO 1 - [7878-exec-8] healenium                        : [Save Elements] Request: By.xpath(//input[@name='passwd']) 
2024-12-20 09:35:51.986  INFO 1 - [7878-exec-9] healenium                        : [Save Elements] Request: By.xpath(//input[@name='passwd']) 
2024-12-20 09:35:52.628  INFO 1 - [878-exec-10] healenium                        : [Save Elements] Request: By.xpath(//input[@name='passwd']) 
2024-12-20 09:35:52.694  INFO 1 - [7878-exec-1] healenium                        : [Save Elements] Request: By.xpath(//input[@name='passwd']) 
2024-12-20 09:35:52.765  INFO 1 - [7878-exec-2] healenium                        : [Save Elements] Request: By.xpath(//input[@name='passwd']) 
2024-12-20 09:35:52.915  INFO 1 - [7878-exec-3] healenium                        : [Save Elements] Request: By.xpath(//input[@name='passwd']) 
2024-12-20 09:35:53.024  INFO 1 - [7878-exec-4] healenium                        : [Save Elements] Request: By.xpath(//input[@name='passwd']) 
2024-12-20 09:35:53.146  INFO 1 - [7878-exec-5] healenium                        : [Save Elements] Request: By.xpath(//input[@type='submit']) 
2024-12-20 09:35:53.220  INFO 1 - [7878-exec-6] healenium                        : [Save Elements] Request: By.xpath(//input[@type='submit']) 
2024-12-20 09:35:53.312  INFO 1 - [7878-exec-7] healenium                        : [Save Elements] Request: By.xpath(//input[@type='submit']) 
2024-12-20 09:35:56.976  INFO 1 - [7878-exec-8] healenium                        : [Save Elements] Request: By.xpath(//input[contains(@type,'submit')]) 
2024-12-20 09:35:57.602  INFO 1 - [7878-exec-9] healenium                        : [Save Elements] Request: By.xpath(//input[contains(@type,'submit')]) 
2024-12-20 09:35:58.202  INFO 1 - [878-exec-10] healenium                        : [Save Elements] Request: By.xpath(//input[contains(@type,'submit')]) 
2024-12-20 09:35:58.830  INFO 1 - [7878-exec-1] healenium                        : [Save Elements] Request: By.xpath(//input[contains(@type,'submit')]) 
2024-12-20 09:35:59.499  INFO 1 - [7878-exec-2] healenium                        : [Save Elements] Request: By.xpath(//input[contains(@type,'submit')]) 
2024-12-20 09:36:00.160  INFO 1 - [7878-exec-3] healenium                        : [Save Elements] Request: By.xpath(//input[contains(@type,'submit')]) 
2024-12-20 09:36:00.727  INFO 1 - [7878-exec-4] healenium                        : [Save Elements] Request: By.xpath(//input[contains(@type,'submit')]) 
2024-12-20 09:36:01.302  INFO 1 - [7878-exec-5] healenium                        : [Save Elements] Request: By.xpath(//input[contains(@type,'submit')]) 
2024-12-20 09:36:01.874  INFO 1 - [7878-exec-6] healenium                        : [Save Elements] Request: By.xpath(//input[contains(@type,'submit')]) 
2024-12-20 09:36:02.446  INFO 1 - [7878-exec-7] healenium                        : [Save Elements] Request: By.xpath(//input[contains(@type,'submit')]) 
2024-12-20 09:36:03.030  INFO 1 - [7878-exec-8] healenium                        : [Save Elements] Request: By.xpath(//input[contains(@type,'submit')]) 
2024-12-20 09:36:03.595  INFO 1 - [7878-exec-9] healenium                        : [Save Elements] Request: By.xpath(//input[contains(@type,'submit')]) 
2024-12-20 09:36:04.171  INFO 1 - [878-exec-10] healenium                        : [Save Elements] Request: By.xpath(//input[contains(@type,'submit')]) 
2024-12-20 09:36:04.754  INFO 1 - [7878-exec-1] healenium                        : [Save Elements] Request: By.xpath(//input[contains(@type,'submit')]) 
2024-12-20 09:36:05.546  INFO 1 - [7878-exec-2] healenium                        : [Save Elements] Request: By.xpath(//input[contains(@type,'submit')]) 
2024-12-20 09:36:06.145  INFO 1 - [7878-exec-3] healenium                        : [Save Elements] Request: By.xpath(//input[contains(@type,'submit')]) 
2024-12-20 09:36:06.711  INFO 1 - [7878-exec-4] healenium                        : [Save Elements] Request: By.xpath(//input[contains(@type,'submit')]) 
2024-12-20 09:36:07.288  INFO 1 - [7878-exec-5] healenium                        : [Save Elements] Request: By.xpath(//input[contains(@type,'submit')]) 
2024-12-20 09:36:07.359  INFO 1 - [7878-exec-6] healenium                        : [Save Elements] Request: By.xpath(//input[contains(@type,'submit')]) 
2024-12-20 09:42:51.666  INFO 1 - [7878-exec-1] healenium                        : [Save Elements] Request: By.xpath(//input[contains(@name,'loginfmt')]) 
2024-12-20 09:42:52.248  INFO 1 - [7878-exec-2] healenium                        : [Save Elements] Request: By.xpath(//input[contains(@name,'loginfmt')]) 
2024-12-20 09:42:52.302  INFO 1 - [7878-exec-3] healenium                        : [Save Elements] Request: By.xpath(//input[contains(@name,'loginfmt')]) 
2024-12-20 09:42:52.358  INFO 1 - [7878-exec-4] healenium                        : [Save Elements] Request: By.xpath(//input[contains(@name,'loginfmt')]) 
2024-12-20 09:42:52.486  INFO 1 - [7878-exec-5] healenium                        : [Save Elements] Request: By.xpath(//input[contains(@name,'loginfmt')]) 
2024-12-20 09:42:52.568  INFO 1 - [7878-exec-6] healenium                        : [Save Elements] Request: By.xpath(//input[contains(@name,'loginfmt')]) 
2024-12-20 09:42:52.681  INFO 1 - [7878-exec-7] healenium                        : [Save Elements] Request: By.xpath(//input[@type='submit']) 
2024-12-20 09:42:52.731  INFO 1 - [7878-exec-8] healenium                        : [Save Elements] Request: By.xpath(//input[@type='submit']) 
2024-12-20 09:42:52.784  INFO 1 - [7878-exec-9] healenium                        : [Save Elements] Request: By.xpath(//input[@type='submit']) 
2024-12-20 09:42:52.917  INFO 1 - [878-exec-10] healenium                        : [Save Elements] Request: By.xpath(//input[@name='passwd']) 
2024-12-20 09:42:53.479  INFO 1 - [7878-exec-1] healenium                        : [Save Elements] Request: By.xpath(//input[@name='passwd']) 
2024-12-20 09:42:54.045  INFO 1 - [7878-exec-2] healenium                        : [Save Elements] Request: By.xpath(//input[@name='passwd']) 
2024-12-20 09:42:54.099  INFO 1 - [7878-exec-3] healenium                        : [Save Elements] Request: By.xpath(//input[@name='passwd']) 
2024-12-20 09:42:54.148  INFO 1 - [7878-exec-4] healenium                        : [Save Elements] Request: By.xpath(//input[@name='passwd']) 
2024-12-20 09:42:54.261  INFO 1 - [7878-exec-5] healenium                        : [Save Elements] Request: By.xpath(//input[@name='passwd']) 
2024-12-20 09:42:54.334  INFO 1 - [7878-exec-6] healenium                        : [Save Elements] Request: By.xpath(//input[@name='passwd']) 
2024-12-20 09:42:54.421  INFO 1 - [7878-exec-7] healenium                        : [Save Elements] Request: By.xpath(//input[@type='submit']) 
2024-12-20 09:42:54.474  INFO 1 - [7878-exec-8] healenium                        : [Save Elements] Request: By.xpath(//input[@type='submit']) 
2024-12-20 09:42:54.524  INFO 1 - [7878-exec-9] healenium                        : [Save Elements] Request: By.xpath(//input[@type='submit']) 
2024-12-20 09:42:58.105  INFO 1 - [878-exec-10] healenium                        : [Save Elements] Request: By.xpath(//input[contains(@type,'submit')]) 
2024-12-20 09:42:58.158  INFO 1 - [7878-exec-1] healenium                        : [Save Elements] Request: By.xpath(//input[contains(@type,'submit')]) 
2024-12-20 09:42:58.209  INFO 1 - [7878-exec-2] healenium                        : [Save Elements] Request: By.xpath(//input[contains(@type,'submit')]) 
2024-12-20 09:56:15.233  INFO 1 - [7878-exec-6] healenium                        : [Save Elements] Request: By.xpath(//input[contains(@name,'loginfmt')]) 
2024-12-20 09:56:15.803  INFO 1 - [7878-exec-7] healenium                        : [Save Elements] Request: By.xpath(//input[contains(@name,'loginfmt')]) 
2024-12-20 09:56:15.858  INFO 1 - [7878-exec-8] healenium                        : [Save Elements] Request: By.xpath(//input[contains(@name,'loginfmt')]) 
2024-12-20 09:56:15.910  INFO 1 - [7878-exec-9] healenium                        : [Save Elements] Request: By.xpath(//input[contains(@name,'loginfmt')]) 
2024-12-20 09:56:16.033  INFO 1 - [878-exec-10] healenium                        : [Save Elements] Request: By.xpath(//input[contains(@name,'loginfmt')]) 
2024-12-20 09:56:16.097  INFO 1 - [7878-exec-1] healenium                        : [Save Elements] Request: By.xpath(//input[contains(@name,'loginfmt')]) 
2024-12-20 09:56:16.208  INFO 1 - [7878-exec-2] healenium                        : [Save Elements] Request: By.xpath(//input[@type='submit']) 
2024-12-20 09:56:16.257  INFO 1 - [7878-exec-3] healenium                        : [Save Elements] Request: By.xpath(//input[@type='submit']) 
2024-12-20 09:56:16.309  INFO 1 - [7878-exec-4] healenium                        : [Save Elements] Request: By.xpath(//input[@type='submit']) 
2024-12-20 09:56:16.445  INFO 1 - [7878-exec-5] healenium                        : [Save Elements] Request: By.xpath(//input[@name='passwd']) 
2024-12-20 09:56:17.012  INFO 1 - [7878-exec-6] healenium                        : [Save Elements] Request: By.xpath(//input[@name='passwd']) 
2024-12-20 09:56:17.608  INFO 1 - [7878-exec-7] healenium                        : [Save Elements] Request: By.xpath(//input[@name='passwd']) 
2024-12-20 09:56:17.689  INFO 1 - [7878-exec-8] healenium                        : [Save Elements] Request: By.xpath(//input[@name='passwd']) 
2024-12-20 09:56:17.759  INFO 1 - [7878-exec-9] healenium                        : [Save Elements] Request: By.xpath(//input[@name='passwd']) 
2024-12-20 09:56:17.902  INFO 1 - [878-exec-10] healenium                        : [Save Elements] Request: By.xpath(//input[@name='passwd']) 
2024-12-20 09:56:17.999  INFO 1 - [7878-exec-1] healenium                        : [Save Elements] Request: By.xpath(//input[@name='passwd']) 
2024-12-20 09:56:18.108  INFO 1 - [7878-exec-2] healenium                        : [Save Elements] Request: By.xpath(//input[@type='submit']) 
2024-12-20 09:56:18.167  INFO 1 - [7878-exec-3] healenium                        : [Save Elements] Request: By.xpath(//input[@type='submit']) 
2024-12-20 09:56:18.228  INFO 1 - [7878-exec-4] healenium                        : [Save Elements] Request: By.xpath(//input[@type='submit']) 
2024-12-20 09:56:21.744  INFO 1 - [7878-exec-5] healenium                        : [Save Elements] Request: By.xpath(//input[contains(@type,'submit')]) 
2024-12-20 09:56:21.793  INFO 1 - [7878-exec-6] healenium                        : [Save Elements] Request: By.xpath(//input[contains(@type,'submit')]) 
2024-12-20 09:56:21.836  INFO 1 - [7878-exec-7] healenium                        : [Save Elements] Request: By.xpath(//input[contains(@type,'submit')]) 
2024-12-20 10:00:24.372  INFO 1 - [7878-exec-2] healenium                        : [Save Elements] Request: By.xpath(//input[contains(@name,'loginfmt')]) 
2024-12-20 10:00:24.955  INFO 1 - [7878-exec-3] healenium                        : [Save Elements] Request: By.xpath(//input[contains(@name,'loginfmt')]) 
2024-12-20 10:00:25.018  INFO 1 - [7878-exec-4] healenium                        : [Save Elements] Request: By.xpath(//input[contains(@name,'loginfmt')]) 
2024-12-20 10:00:25.086  INFO 1 - [7878-exec-5] healenium                        : [Save Elements] Request: By.xpath(//input[contains(@name,'loginfmt')]) 
2024-12-20 10:00:25.216  INFO 1 - [7878-exec-6] healenium                        : [Save Elements] Request: By.xpath(//input[contains(@name,'loginfmt')]) 
2024-12-20 10:00:25.304  INFO 1 - [7878-exec-7] healenium                        : [Save Elements] Request: By.xpath(//input[contains(@name,'loginfmt')]) 
2024-12-20 10:00:25.429  INFO 1 - [7878-exec-8] healenium                        : [Save Elements] Request: By.xpath(//input[@type='submit']) 
2024-12-20 10:00:25.478  INFO 1 - [7878-exec-9] healenium                        : [Save Elements] Request: By.xpath(//input[@type='submit']) 
2024-12-20 10:00:25.548  INFO 1 - [878-exec-10] healenium                        : [Save Elements] Request: By.xpath(//input[@type='submit']) 
2024-12-20 10:00:25.847  INFO 1 - [7878-exec-1] healenium                        : [Save Elements] Request: By.xpath(//input[@name='passwd']) 
2024-12-20 10:00:26.434  INFO 1 - [7878-exec-2] healenium                        : [Save Elements] Request: By.xpath(//input[@name='passwd']) 
2024-12-20 10:00:27.015  INFO 1 - [7878-exec-3] healenium                        : [Save Elements] Request: By.xpath(//input[@name='passwd']) 
2024-12-20 10:00:27.085  INFO 1 - [7878-exec-4] healenium                        : [Save Elements] Request: By.xpath(//input[@name='passwd']) 
2024-12-20 10:00:27.147  INFO 1 - [7878-exec-5] healenium                        : [Save Elements] Request: By.xpath(//input[@name='passwd']) 
2024-12-20 10:00:27.279  INFO 1 - [7878-exec-6] healenium                        : [Save Elements] Request: By.xpath(//input[@name='passwd']) 
2024-12-20 10:00:27.368  INFO 1 - [7878-exec-7] healenium                        : [Save Elements] Request: By.xpath(//input[@name='passwd']) 
2024-12-20 10:00:27.464  INFO 1 - [7878-exec-8] healenium                        : [Save Elements] Request: By.xpath(//input[@type='submit']) 
2024-12-20 10:00:27.521  INFO 1 - [7878-exec-9] healenium                        : [Save Elements] Request: By.xpath(//input[@type='submit']) 
2024-12-20 10:00:27.579  INFO 1 - [878-exec-10] healenium                        : [Save Elements] Request: By.xpath(//input[@type='submit']) 
2024-12-20 10:00:31.168  INFO 1 - [7878-exec-1] healenium                        : [Save Elements] Request: By.xpath(//input[contains(@type,'submit')]) 
2024-12-20 10:00:31.242  INFO 1 - [7878-exec-2] healenium                        : [Save Elements] Request: By.xpath(//input[contains(@type,'submit')]) 
2024-12-20 10:00:31.326  INFO 1 - [7878-exec-3] healenium                        : [Save Elements] Request: By.xpath(//input[contains(@type,'submit')]) 
2024-12-20 10:03:57.242  INFO 1 - [7878-exec-8] healenium                        : [Save Elements] Request: By.xpath(//input[contains(@name,'loginfmt')]) 
2024-12-20 10:03:57.815  INFO 1 - [7878-exec-9] healenium                        : [Save Elements] Request: By.xpath(//input[contains(@name,'loginfmt')]) 
2024-12-20 10:03:57.887  INFO 1 - [878-exec-10] healenium                        : [Save Elements] Request: By.xpath(//input[contains(@name,'loginfmt')]) 
2024-12-20 10:03:57.948  INFO 1 - [7878-exec-1] healenium                        : [Save Elements] Request: By.xpath(//input[contains(@name,'loginfmt')]) 
2024-12-20 10:03:58.051  INFO 1 - [7878-exec-2] healenium                        : [Save Elements] Request: By.xpath(//input[contains(@name,'loginfmt')]) 
2024-12-20 10:03:58.124  INFO 1 - [7878-exec-3] healenium                        : [Save Elements] Request: By.xpath(//input[contains(@name,'loginfmt')]) 
2024-12-20 10:03:58.226  INFO 1 - [7878-exec-4] healenium                        : [Save Elements] Request: By.xpath(//input[@type='submit']) 
2024-12-20 10:03:58.269  INFO 1 - [7878-exec-5] healenium                        : [Save Elements] Request: By.xpath(//input[@type='submit']) 
2024-12-20 10:03:58.315  INFO 1 - [7878-exec-6] healenium                        : [Save Elements] Request: By.xpath(//input[@type='submit']) 
2024-12-20 10:03:58.409  INFO 1 - [7878-exec-7] healenium                        : [Save Elements] Request: By.xpath(//input[@name='passwd']) 
2024-12-20 10:03:58.983  INFO 1 - [7878-exec-8] healenium                        : [Save Elements] Request: By.xpath(//input[@name='passwd']) 
2024-12-20 10:03:59.537  INFO 1 - [7878-exec-9] healenium                        : [Save Elements] Request: By.xpath(//input[@name='passwd']) 
2024-12-20 10:03:59.586  INFO 1 - [878-exec-10] healenium                        : [Save Elements] Request: By.xpath(//input[@name='passwd']) 
2024-12-20 10:03:59.637  INFO 1 - [7878-exec-1] healenium                        : [Save Elements] Request: By.xpath(//input[@name='passwd']) 
2024-12-20 10:03:59.738  INFO 1 - [7878-exec-2] healenium                        : [Save Elements] Request: By.xpath(//input[@name='passwd']) 
2024-12-20 10:03:59.799  INFO 1 - [7878-exec-3] healenium                        : [Save Elements] Request: By.xpath(//input[@name='passwd']) 
2024-12-20 10:03:59.887  INFO 1 - [7878-exec-4] healenium                        : [Save Elements] Request: By.xpath(//input[@type='submit']) 
2024-12-20 10:03:59.930  INFO 1 - [7878-exec-5] healenium                        : [Save Elements] Request: By.xpath(//input[@type='submit']) 
2024-12-20 10:03:59.972  INFO 1 - [7878-exec-6] healenium                        : [Save Elements] Request: By.xpath(//input[@type='submit']) 
2024-12-20 10:04:03.430  INFO 1 - [7878-exec-7] healenium                        : [Save Elements] Request: By.xpath(//input[contains(@type,'submit')]) 
2024-12-20 10:04:03.492  INFO 1 - [7878-exec-8] healenium                        : [Save Elements] Request: By.xpath(//input[contains(@type,'submit')]) 
2024-12-20 10:04:03.555  INFO 1 - [7878-exec-9] healenium                        : [Save Elements] Request: By.xpath(//input[contains(@type,'submit')]) 
2024-12-20 10:04:38.053  INFO 1 - [7878-exec-4] healenium                        : [Save Elements] Request: By.xpath(//input[contains(@name,'loginfmt')]) 
2024-12-20 10:04:38.624  INFO 1 - [7878-exec-5] healenium                        : [Save Elements] Request: By.xpath(//input[contains(@name,'loginfmt')]) 
2024-12-20 10:04:38.679  INFO 1 - [7878-exec-6] healenium                        : [Save Elements] Request: By.xpath(//input[contains(@name,'loginfmt')]) 
2024-12-20 10:04:38.728  INFO 1 - [7878-exec-7] healenium                        : [Save Elements] Request: By.xpath(//input[contains(@name,'loginfmt')]) 
2024-12-20 10:04:38.834  INFO 1 - [7878-exec-8] healenium                        : [Save Elements] Request: By.xpath(//input[contains(@name,'loginfmt')]) 
2024-12-20 10:04:38.898  INFO 1 - [7878-exec-9] healenium                        : [Save Elements] Request: By.xpath(//input[contains(@name,'loginfmt')]) 
2024-12-20 10:04:38.984  INFO 1 - [878-exec-10] healenium                        : [Save Elements] Request: By.xpath(//input[@type='submit']) 
2024-12-20 10:04:39.023  INFO 1 - [7878-exec-1] healenium                        : [Save Elements] Request: By.xpath(//input[@type='submit']) 
2024-12-20 10:04:39.061  INFO 1 - [7878-exec-2] healenium                        : [Save Elements] Request: By.xpath(//input[@type='submit']) 
2024-12-20 10:04:39.162  INFO 1 - [7878-exec-3] healenium                        : [Save Elements] Request: By.xpath(//input[@name='passwd']) 
2024-12-20 10:04:39.704  INFO 1 - [7878-exec-4] healenium                        : [Save Elements] Request: By.xpath(//input[@name='passwd']) 
2024-12-20 10:04:40.251  INFO 1 - [7878-exec-5] healenium                        : [Save Elements] Request: By.xpath(//input[@name='passwd']) 
2024-12-20 10:04:40.491  INFO 1 - [7878-exec-6] healenium                        : [Save Elements] Request: By.xpath(//input[@name='passwd']) 
2024-12-20 10:04:40.543  INFO 1 - [7878-exec-7] healenium                        : [Save Elements] Request: By.xpath(//input[@name='passwd']) 
2024-12-20 10:04:40.635  INFO 1 - [7878-exec-8] healenium                        : [Save Elements] Request: By.xpath(//input[@name='passwd']) 
2024-12-20 10:04:40.696  INFO 1 - [7878-exec-9] healenium                        : [Save Elements] Request: By.xpath(//input[@name='passwd']) 
2024-12-20 10:04:40.911  INFO 1 - [878-exec-10] healenium                        : [Save Elements] Request: By.xpath(//input[@type='submit']) 
2024-12-20 10:04:40.953  INFO 1 - [7878-exec-1] healenium                        : [Save Elements] Request: By.xpath(//input[@type='submit']) 
2024-12-20 10:04:40.998  INFO 1 - [7878-exec-2] healenium                        : [Save Elements] Request: By.xpath(//input[@type='submit']) 
2024-12-20 10:04:44.428  INFO 1 - [7878-exec-3] healenium                        : [Save Elements] Request: By.xpath(//input[contains(@type,'submit')]) 
2024-12-20 10:04:44.496  INFO 1 - [7878-exec-4] healenium                        : [Save Elements] Request: By.xpath(//input[contains(@type,'submit')]) 
2024-12-20 10:04:44.558  INFO 1 - [7878-exec-5] healenium                        : [Save Elements] Request: By.xpath(//input[contains(@type,'submit')]) 
2024-12-20 10:25:01.680  INFO 1 - [878-exec-10] healenium                        : [Save Elements] Request: By.xpath(//input[contains(@name,'loginfmt')]) 
2024-12-20 10:25:02.262  INFO 1 - [7878-exec-1] healenium                        : [Save Elements] Request: By.xpath(//input[contains(@name,'loginfmt')]) 
2024-12-20 10:25:02.319  INFO 1 - [7878-exec-2] healenium                        : [Save Elements] Request: By.xpath(//input[contains(@name,'loginfmt')]) 
2024-12-20 10:25:02.374  INFO 1 - [7878-exec-3] healenium                        : [Save Elements] Request: By.xpath(//input[contains(@name,'loginfmt')]) 
2024-12-20 10:25:02.498  INFO 1 - [7878-exec-4] healenium                        : [Save Elements] Request: By.xpath(//input[contains(@name,'loginfmt')]) 
2024-12-20 10:25:02.577  INFO 1 - [7878-exec-5] healenium                        : [Save Elements] Request: By.xpath(//input[contains(@name,'loginfmt')]) 
2024-12-20 10:25:02.693  INFO 1 - [7878-exec-6] healenium                        : [Save Elements] Request: By.xpath(//input[@type='submit']) 
2024-12-20 10:25:02.742  INFO 1 - [7878-exec-7] healenium                        : [Save Elements] Request: By.xpath(//input[@type='submit']) 
2024-12-20 10:25:02.792  INFO 1 - [7878-exec-8] healenium                        : [Save Elements] Request: By.xpath(//input[@type='submit']) 
2024-12-20 10:25:02.929  INFO 1 - [7878-exec-9] healenium                        : [Save Elements] Request: By.xpath(//input[@name='passwd']) 
2024-12-20 10:25:03.488  INFO 1 - [878-exec-10] healenium                        : [Save Elements] Request: By.xpath(//input[@name='passwd']) 
2024-12-20 10:25:04.084  INFO 1 - [7878-exec-1] healenium                        : [Save Elements] Request: By.xpath(//input[@name='passwd']) 
2024-12-20 10:25:04.168  INFO 1 - [7878-exec-2] healenium                        : [Save Elements] Request: By.xpath(//input[@name='passwd']) 
2024-12-20 10:25:04.228  INFO 1 - [7878-exec-3] healenium                        : [Save Elements] Request: By.xpath(//input[@name='passwd']) 
2024-12-20 10:25:04.372  INFO 1 - [7878-exec-4] healenium                        : [Save Elements] Request: By.xpath(//input[@name='passwd']) 
2024-12-20 10:25:04.457  INFO 1 - [7878-exec-5] healenium                        : [Save Elements] Request: By.xpath(//input[@name='passwd']) 
2024-12-20 10:25:04.557  INFO 1 - [7878-exec-6] healenium                        : [Save Elements] Request: By.xpath(//input[@type='submit']) 
2024-12-20 10:25:04.616  INFO 1 - [7878-exec-7] healenium                        : [Save Elements] Request: By.xpath(//input[@type='submit']) 
2024-12-20 10:25:04.676  INFO 1 - [7878-exec-8] healenium                        : [Save Elements] Request: By.xpath(//input[@type='submit']) 
2024-12-20 10:25:08.269  INFO 1 - [7878-exec-9] healenium                        : [Save Elements] Request: By.xpath(//input[contains(@type,'submit')]) 
2024-12-20 10:25:08.322  INFO 1 - [878-exec-10] healenium                        : [Save Elements] Request: By.xpath(//input[contains(@type,'submit')]) 
2024-12-20 10:25:08.375  INFO 1 - [7878-exec-1] healenium                        : [Save Elements] Request: By.xpath(//input[contains(@type,'submit')]) 
